<?xml version="1.0" encoding="UTF-8"?>
<!-- Generated by org.testng.reporters.JUnitXMLReporter -->
<testsuite hostname="LTIN184808" ignored="0" name="App_installation_and_login-Run1" tests="8" failures="0" timestamp="15 Sep 2022 03:52:56 GMT" time="1094.577" errors="0">
  <testcase name="Sprint12_TC_7980_Splash_screen_Verify_user_is_able_to_see_the_splash_screen" time="186.614" classname="com.mop.qa.test.regression.App_installation_and_login"/>
  <testcase name="Sprint12_TC_7931_App_Installation_App_name_should_be_Straits_Times" time="21.223" classname="com.mop.qa.test.regression.App_installation_and_login"/>
  <testcase name="Sprint12_TC_7987_Login_MOE_User_Full_subscriber" time="163.823" classname="com.mop.qa.test.regression.App_installation_and_login"/>
  <testcase name="Sprint12_TC_7894_Latest_Tab_Should_be_able_to_share" time="50.629" classname="com.mop.qa.test.regression.App_installation_and_login"/>
  <testcase name="Sprint12_TC_7965_article_Listing_Page_share_via_author_Share" time="69.484" classname="com.mop.qa.test.regression.App_installation_and_login"/>
  <testcase name="Sprint12_TC_7966_Article_listing_page_Via_Elastic_search_Share" time="81.164" classname="com.mop.qa.test.regression.App_installation_and_login"/>
  <testcase name="Sprint12_TC_8000_Article_listing_page_Via_Section_pages_Share" time="91.41" classname="com.mop.qa.test.regression.App_installation_and_login"/>
  <testcase name="Sprint12_TC_7950_Article_Details_page_Ads" time="365.465" classname="com.mop.qa.test.regression.App_installation_and_login"/>
</testsuite> <!-- App_installation_and_login-Run1 -->
