<?xml version="1.0" encoding="UTF-8"?>
<!-- Generated by org.testng.reporters.JUnitXMLReporter -->
<testsuite hostname="LTIN184808" ignored="0" name="Article_Listing_Page-Run1" tests="3" failures="0" timestamp="15 Sep 2022 05:32:27 GMT" time="742.608" errors="0">
  <testcase name="Sprint12_TC_7965_article_Listing_Page_share_via_author_Share" time="152.254" classname="com.mop.qa.test.regression.Article_Listing_Page"/>
  <testcase name="Sprint12_TC_7966_Article_listing_page_Via_Elastic_search_Share" time="185.763" classname="com.mop.qa.test.regression.Article_Listing_Page"/>
  <testcase name="Sprint12_TC_8000_Article_listing_page_Via_Section_pages_Share" time="245.714" classname="com.mop.qa.test.regression.Article_Listing_Page"/>
</testsuite> <!-- Article_Listing_Page-Run1 -->
