<?xml version="1.0" encoding="UTF-8"?>
<!-- Generated by org.testng.reporters.JUnitXMLReporter -->
<testsuite hostname="LTIN184808" ignored="0" name="ST_Epaper-Run1" tests="2" failures="0" timestamp="15 Sep 2022 05:47:56 GMT" time="929.611" errors="0">
  <testcase name="Sprint12_TC_7900_ePaper_Download_archived_eaper" time="280.727" classname="com.mop.qa.test.regression.ST_Epaper"/>
  <testcase name="Sprint12_TC_7913_ePaper_Read_archived_eaper" time="477.071" classname="com.mop.qa.test.regression.ST_Epaper"/>
</testsuite> <!-- ST_Epaper-Run1 -->
