<?xml version="1.0" encoding="UTF-8"?>
<!-- Generated by org.testng.reporters.JUnitXMLReporter -->
<testsuite hostname="LTIN184808" ignored="0" name="ST_Regression_sprint12-Run1" tests="7" failures="0" timestamp="15 Sep 2022 06:27:14 GMT" time="2358.229" errors="0">
  <testcase name="Sprint12_TC_7464_7975_7944_ST" time="381.82" classname="com.mop.qa.test.regression.ST_Regression_sprint12"/>
  <testcase name="Sprint12_TC_7960_Homepage_UI_navigation_is_fine" time="352.02" classname="com.mop.qa.test.regression.ST_Regression_sprint12"/>
  <testcase name="Sprint12_TC_7932_Homepage_MoreLink" time="398.258" classname="com.mop.qa.test.regression.ST_Regression_sprint12"/>
  <testcase name="Sprint12_TC_7929_Opinion_Correspontants_articles" time="219.87" classname="com.mop.qa.test.regression.ST_Regression_sprint12"/>
  <testcase name="Sprint12_TC_7905_LatestTab_navigate_article_page" time="202.518" classname="com.mop.qa.test.regression.ST_Regression_sprint12"/>
  <testcase name="Sprint12_TC_7969_share_of_epaper_should_work" time="395.307" classname="com.mop.qa.test.regression.ST_Regression_sprint12"/>
  <testcase name="Sprint12_TC_7998_emailCustomer" time="191.39" classname="com.mop.qa.test.regression.ST_Regression_sprint12"/>
</testsuite> <!-- ST_Regression_sprint12-Run1 -->
