<?xml version="1.0" encoding="UTF-8"?>
<!-- Generated by org.testng.reporters.JUnitXMLReporter -->
<testsuite hostname="LTIN184808" ignored="0" name="StraitTimes_homePage-Run1" tests="2" failures="0" timestamp="15 Sep 2022 05:05:56 GMT" time="356.715" errors="0">
  <testcase name="Sprint11_TC_7924_Verify_user_can_navigate_to_article_page_from_homepage" time="123.876" classname="com.mop.qa.test.regression.StraitTimes_homePage"/>
  <testcase name="Sprint11_TC_7978_TabUI" time="131.194" classname="com.mop.qa.test.regression.StraitTimes_homePage"/>
</testsuite> <!-- StraitTimes_homePage-Run1 -->
