<?xml version="1.0" encoding="UTF-8"?>
<!-- Generated by org.testng.reporters.JUnitXMLReporter -->
<testsuite hostname="LTIN184808" ignored="0" name="StraitsTimes_settings_phase1-Run1" tests="11" failures="0" timestamp="15 Sep 2022 05:00:00 GMT" time="538.309" errors="0">
  <testcase name="ST_Ios_TC_7957_App_Installation_verify_ST_logo" time="35.71" classname="com.mop.qa.test.regression.StraitsTimes_settings_phase1"/>
  <testcase name="ST_Ios_TC_7945_Settings_LogOut_LogIn_Button_should_display" time="118.293" classname="com.mop.qa.test.regression.StraitsTimes_settings_phase1"/>
  <testcase name="ST_Ios_TC_8008_Settings_Downloaded" time="61.857" classname="com.mop.qa.test.regression.StraitsTimes_settings_phase1"/>
  <testcase name="ST_Ios_TC_7955_Settings_Autom_DL_Epaper" time="21.652" classname="com.mop.qa.test.regression.StraitsTimes_settings_phase1"/>
  <testcase name="ST_Ios_TC_7941_Settings_News_Letters" time="13.876" classname="com.mop.qa.test.regression.StraitsTimes_settings_phase1"/>
  <testcase name="ST_Ios_TC_7989_Settings_PrivacyPolicy" time="45.716" classname="com.mop.qa.test.regression.StraitsTimes_settings_phase1"/>
  <testcase name="ST_Ios_TC_8013_Settings_Terms_Condition" time="22.174" classname="com.mop.qa.test.regression.StraitsTimes_settings_phase1"/>
  <testcase name="ST_Ios_TC_8007_Settings_Version_Number" time="5.916" classname="com.mop.qa.test.regression.StraitsTimes_settings_phase1"/>
  <testcase name="ST_Ios_TC_7974_Settings_FAQS_and_HELP" time="21.208" classname="com.mop.qa.test.regression.StraitsTimes_settings_phase1"/>
  <testcase name="ST_Ios_TC_7991_Settings_Advertising_Inquiry" time="19.789" classname="com.mop.qa.test.regression.StraitsTimes_settings_phase1"/>
  <testcase name="ST_Ios_TC_7958_Text_Size" time="72.938" classname="com.mop.qa.test.regression.StraitsTimes_settings_phase1"/>
</testsuite> <!-- StraitsTimes_settings_phase1-Run1 -->
