<?xml version="1.0" encoding="UTF-8"?>
<!-- Generated by org.testng.reporters.JUnitXMLReporter -->
<testsuite hostname="LTIN205760" ignored="0" name="StraitsTimes_Sanity_IOS-Run1" tests="2" failures="0" timestamp="19 Oct 2021 03:52:51 GMT" time="280.553" errors="0">
  <testcase name="StraightTimes_TC6076_onboarding_process" time="47.871" classname="com.mop.qa.test.sanity.StraitsTimes_Sanity_IOS"/>
  <testcase name="TC_6098_Verify_the_texttospeech_button_will_enable_and_disable_from_the_article_detail_page" time="182.411" classname="com.mop.qa.test.sanity.StraitsTimes_Sanity_IOS"/>
</testsuite> <!-- StraitsTimes_Sanity_IOS-Run1 -->
